<?xml version="1.0" encoding="UTF-8"?>
<!-- Generated by org.testng.reporters.JUnitXMLReporter -->
<testsuite hostname="LAPTOP-5UNU8FA4" ignored="1" name="Test2" tests="3" failures="0" timestamp="2019-10-24T00:15:06 IST" time="0.053" errors="0">
  <testcase name="FireFoxTestBrowser_1" time="0.01" classname="MavenPackage.FireFoxTestBrowserTest"/>
  <testcase name="FireFoxTestBrowser_2" time="0.001" classname="MavenPackage.FireFoxTestBrowserTest"/>
  <testcase name="GoogleTestBrowser_1" time="0.001" classname="MavenPackage.GoogleTestBrowserTest"/>
  <testcase name="GoogleTestBrowser_2" time="0.0" classname="MavenPackage.GoogleTestBrowserTest">
    <ignored/>
  </testcase> <!-- GoogleTestBrowser_2 -->
</testsuite> <!-- Test2 -->
