<?xml version="1.0" encoding="UTF-8"?>
<!-- Generated by org.testng.reporters.JUnitXMLReporter -->
<testsuite hostname="LAPTOP-5UNU8FA4" ignored="0" name="Command line test" tests="6" failures="0" timestamp="2019-10-25T09:17:57 IST" time="0.093" errors="0">
  <testcase name="FireFoxTestBrowser_1" time="0.015" classname="MavenPackage.FireFoxTestBrowserTest"/>
  <testcase name="FireFoxTestBrowser_2" time="0.0" classname="MavenPackage.FireFoxTestBrowserTest"/>
  <testcase name="GoogleTestBrowser_1" time="0.0" classname="MavenPackage.GoogleTestBrowserTest"/>
  <testcase name="GoogleTestBrowser_2" time="0.0" classname="MavenPackage.GoogleTestBrowserTest"/>
  <testcase name="IETestBrowser_1" time="0.0" classname="MavenPackage.IETestBrowserTest"/>
  <testcase name="IETestBrowser_2" time="0.0" classname="MavenPackage.IETestBrowserTest"/>
</testsuite> <!-- Command line test -->
