<?xml version="1.0" encoding="UTF-8"?>
<!-- Generated by org.testng.reporters.JUnitXMLReporter -->
<testsuite hostname="LAPTOP-5UNU8FA4" ignored="0" name="Test2" tests="4" failures="0" timestamp="2019-10-25T09:18:21 IST" time="0.047" errors="0">
  <testcase name="FireFoxTestBrowser_1" time="0.016" classname="MavenPackage.FireFoxTestBrowserTest"/>
  <testcase name="FireFoxTestBrowser_2" time="0.0" classname="MavenPackage.FireFoxTestBrowserTest"/>
  <testcase name="IETestBrowser_1" time="0.0" classname="MavenPackage.IETestBrowserTest"/>
  <testcase name="IETestBrowser_2" time="0.0" classname="MavenPackage.IETestBrowserTest"/>
</testsuite> <!-- Test2 -->
